<?xml version="1.0" encoding="UTF-8"?>
<coverage generated="1652945246824" clover="3.2.0">
  <project timestamp="1652945246824" name="All files">
    <metrics statements="42" coveredstatements="40" conditionals="15" coveredconditionals="12" methods="13" coveredmethods="11" elements="70" coveredelements="63" complexity="0" loc="42" ncloc="42" packages="1" files="1" classes="1"/>
    <file name="functions.js" path="E:\School\3rd Year\First Semester\Sistemas y Tecnologias Web\Laboratorios\Lab 10\src\functions.js">
      <metrics statements="42" coveredstatements="40" conditionals="15" coveredconditionals="12" methods="13" coveredmethods="11"/>
      <line num="7" count="1" type="stmt"/>
      <line num="8" count="32" type="stmt"/>
      <line num="9" count="32" type="stmt"/>
      <line num="10" count="32" type="stmt"/>
      <line num="12" count="32" type="stmt"/>
      <line num="13" count="1" type="stmt"/>
      <line num="14" count="1" type="stmt"/>
      <line num="15" count="1" type="stmt"/>
      <line num="18" count="32" type="stmt"/>
      <line num="19" count="13" type="stmt"/>
      <line num="20" count="13" type="cond" truecount="1" falsecount="1"/>
      <line num="21" count="13" type="cond" truecount="1" falsecount="1"/>
      <line num="22" count="0" type="stmt"/>
      <line num="23" count="0" type="stmt"/>
      <line num="24" count="13" type="cond" truecount="5" falsecount="0"/>
      <line num="26" count="12" type="stmt"/>
      <line num="27" count="12" type="stmt"/>
      <line num="32" count="32" type="stmt"/>
      <line num="33" count="5" type="stmt"/>
      <line num="34" count="5" type="stmt"/>
      <line num="37" count="32" type="stmt"/>
      <line num="38" count="4" type="stmt"/>
      <line num="39" count="4" type="stmt"/>
      <line num="40" count="4" type="stmt"/>
      <line num="41" count="4" type="cond" truecount="2" falsecount="0"/>
      <line num="42" count="1" type="stmt"/>
      <line num="43" count="1" type="stmt"/>
      <line num="44" count="1" type="stmt"/>
      <line num="45" count="3" type="cond" truecount="2" falsecount="0"/>
      <line num="46" count="1" type="stmt"/>
      <line num="47" count="1" type="stmt"/>
      <line num="48" count="1" type="stmt"/>
      <line num="49" count="1" type="stmt"/>
      <line num="50" count="1" type="stmt"/>
      <line num="52" count="2" type="stmt"/>
      <line num="53" count="2" type="stmt"/>
      <line num="54" count="2" type="stmt"/>
      <line num="58" count="32" type="stmt"/>
      <line num="59" count="1" type="cond" truecount="1" falsecount="1"/>
      <line num="61" count="1" type="stmt"/>
      <line num="62" count="1" type="stmt"/>
      <line num="66" count="32" type="stmt"/>
    </file>
  </project>
</coverage>
