{"E:\\School\\3rd Year\\First Semester\\Sistemas y Tecnologias Web\\Laboratorios\\Lab 10\\src\\functions.js": {"path":"E:\\School\\3rd Year\\First Semester\\Sistemas y Tecnologias Web\\Laboratorios\\Lab 10\\src\\functions.js","statementMap":{"0":{"start":{"line":7,"column":25},"end":{"line":69,"column":1}},"1":{"start":{"line":8,"column":28},"end":{"line":8,"column":40}},"2":{"start":{"line":9,"column":30},"end":{"line":9,"column":42}},"3":{"start":{"line":10,"column":32},"end":{"line":10,"column":44}},"4":{"start":{"line":12,"column":17},"end":{"line":16,"column":3}},"5":{"start":{"line":13,"column":4},"end":{"line":13,"column":16}},"6":{"start":{"line":14,"column":4},"end":{"line":14,"column":17}},"7":{"start":{"line":15,"column":4},"end":{"line":15,"column":18}},"8":{"start":{"line":18,"column":20},"end":{"line":30,"column":3}},"9":{"start":{"line":19,"column":24},"end":{"line":19,"column":36}},"10":{"start":{"line":20,"column":4},"end":{"line":29,"column":5}},"11":{"start":{"line":21,"column":6},"end":{"line":28,"column":7}},"12":{"start":{"line":22,"column":8},"end":{"line":22,"column":42}},"13":{"start":{"line":22,"column":23},"end":{"line":22,"column":41}},"14":{"start":{"line":23,"column":8},"end":{"line":23,"column":46}},"15":{"start":{"line":23,"column":25},"end":{"line":23,"column":45}},"16":{"start":{"line":24,"column":13},"end":{"line":28,"column":7}},"17":{"start":{"line":26,"column":8},"end":{"line":26,"column":42}},"18":{"start":{"line":26,"column":23},"end":{"line":26,"column":41}},"19":{"start":{"line":27,"column":8},"end":{"line":27,"column":46}},"20":{"start":{"line":27,"column":25},"end":{"line":27,"column":45}},"21":{"start":{"line":32,"column":24},"end":{"line":35,"column":3}},"22":{"start":{"line":33,"column":4},"end":{"line":33,"column":16}},"23":{"start":{"line":34,"column":4},"end":{"line":34,"column":42}},"24":{"start":{"line":34,"column":21},"end":{"line":34,"column":41}},"25":{"start":{"line":37,"column":21},"end":{"line":56,"column":3}},"26":{"start":{"line":38,"column":18},"end":{"line":38,"column":51}},"27":{"start":{"line":39,"column":18},"end":{"line":39,"column":40}},"28":{"start":{"line":40,"column":28},"end":{"line":40,"column":48}},"29":{"start":{"line":41,"column":4},"end":{"line":55,"column":5}},"30":{"start":{"line":42,"column":6},"end":{"line":42,"column":24}},"31":{"start":{"line":43,"column":6},"end":{"line":43,"column":18}},"32":{"start":{"line":44,"column":6},"end":{"line":44,"column":20}},"33":{"start":{"line":45,"column":11},"end":{"line":55,"column":5}},"34":{"start":{"line":46,"column":19},"end":{"line":46,"column":20}},"35":{"start":{"line":47,"column":22},"end":{"line":47,"column":67}},"36":{"start":{"line":48,"column":6},"end":{"line":48,"column":24}},"37":{"start":{"line":49,"column":6},"end":{"line":49,"column":18}},"38":{"start":{"line":50,"column":6},"end":{"line":50,"column":20}},"39":{"start":{"line":52,"column":6},"end":{"line":52,"column":32}},"40":{"start":{"line":53,"column":6},"end":{"line":53,"column":18}},"41":{"start":{"line":54,"column":6},"end":{"line":54,"column":20}},"42":{"start":{"line":58,"column":24},"end":{"line":64,"column":3}},"43":{"start":{"line":59,"column":4},"end":{"line":63,"column":5}},"44":{"start":{"line":61,"column":6},"end":{"line":61,"column":40}},"45":{"start":{"line":61,"column":21},"end":{"line":61,"column":39}},"46":{"start":{"line":62,"column":6},"end":{"line":62,"column":37}},"47":{"start":{"line":62,"column":23},"end":{"line":62,"column":36}},"48":{"start":{"line":66,"column":2},"end":{"line":68,"column":3}}},"fnMap":{"0":{"name":"(anonymous_0)","decl":{"start":{"line":7,"column":25},"end":{"line":7,"column":26}},"loc":{"start":{"line":7,"column":31},"end":{"line":69,"column":1}},"line":7},"1":{"name":"(anonymous_1)","decl":{"start":{"line":12,"column":17},"end":{"line":12,"column":18}},"loc":{"start":{"line":12,"column":23},"end":{"line":16,"column":3}},"line":12},"2":{"name":"(anonymous_2)","decl":{"start":{"line":18,"column":20},"end":{"line":18,"column":21}},"loc":{"start":{"line":18,"column":27},"end":{"line":30,"column":3}},"line":18},"3":{"name":"(anonymous_3)","decl":{"start":{"line":22,"column":17},"end":{"line":22,"column":18}},"loc":{"start":{"line":22,"column":23},"end":{"line":22,"column":41}},"line":22},"4":{"name":"(anonymous_4)","decl":{"start":{"line":23,"column":19},"end":{"line":23,"column":20}},"loc":{"start":{"line":23,"column":25},"end":{"line":23,"column":45}},"line":23},"5":{"name":"(anonymous_5)","decl":{"start":{"line":26,"column":17},"end":{"line":26,"column":18}},"loc":{"start":{"line":26,"column":23},"end":{"line":26,"column":41}},"line":26},"6":{"name":"(anonymous_6)","decl":{"start":{"line":27,"column":19},"end":{"line":27,"column":20}},"loc":{"start":{"line":27,"column":25},"end":{"line":27,"column":45}},"line":27},"7":{"name":"(anonymous_7)","decl":{"start":{"line":32,"column":24},"end":{"line":32,"column":25}},"loc":{"start":{"line":32,"column":31},"end":{"line":35,"column":3}},"line":32},"8":{"name":"(anonymous_8)","decl":{"start":{"line":34,"column":15},"end":{"line":34,"column":16}},"loc":{"start":{"line":34,"column":21},"end":{"line":34,"column":41}},"line":34},"9":{"name":"(anonymous_9)","decl":{"start":{"line":37,"column":21},"end":{"line":37,"column":22}},"loc":{"start":{"line":37,"column":27},"end":{"line":56,"column":3}},"line":37},"10":{"name":"(anonymous_10)","decl":{"start":{"line":58,"column":24},"end":{"line":58,"column":25}},"loc":{"start":{"line":58,"column":31},"end":{"line":64,"column":3}},"line":58},"11":{"name":"(anonymous_11)","decl":{"start":{"line":61,"column":15},"end":{"line":61,"column":16}},"loc":{"start":{"line":61,"column":21},"end":{"line":61,"column":39}},"line":61},"12":{"name":"(anonymous_12)","decl":{"start":{"line":62,"column":17},"end":{"line":62,"column":18}},"loc":{"start":{"line":62,"column":23},"end":{"line":62,"column":36}},"line":62}},"branchMap":{"0":{"loc":{"start":{"line":20,"column":4},"end":{"line":29,"column":5}},"type":"if","locations":[{"start":{"line":20,"column":4},"end":{"line":29,"column":5}},{"start":{},"end":{}}],"line":20},"1":{"loc":{"start":{"line":21,"column":6},"end":{"line":28,"column":7}},"type":"if","locations":[{"start":{"line":21,"column":6},"end":{"line":28,"column":7}},{"start":{"line":24,"column":13},"end":{"line":28,"column":7}}],"line":21},"2":{"loc":{"start":{"line":24,"column":13},"end":{"line":28,"column":7}},"type":"if","locations":[{"start":{"line":24,"column":13},"end":{"line":28,"column":7}},{"start":{"line":25,"column":13},"end":{"line":28,"column":7}}],"line":24},"3":{"loc":{"start":{"line":24,"column":17},"end":{"line":24,"column":68}},"type":"binary-expr","locations":[{"start":{"line":24,"column":17},"end":{"line":24,"column":33}},{"start":{"line":24,"column":37},"end":{"line":24,"column":46}},{"start":{"line":24,"column":50},"end":{"line":24,"column":68}}],"line":24},"4":{"loc":{"start":{"line":41,"column":4},"end":{"line":55,"column":5}},"type":"if","locations":[{"start":{"line":41,"column":4},"end":{"line":55,"column":5}},{"start":{"line":45,"column":11},"end":{"line":55,"column":5}}],"line":41},"5":{"loc":{"start":{"line":45,"column":11},"end":{"line":55,"column":5}},"type":"if","locations":[{"start":{"line":45,"column":11},"end":{"line":55,"column":5}},{"start":{"line":51,"column":11},"end":{"line":55,"column":5}}],"line":45},"6":{"loc":{"start":{"line":59,"column":4},"end":{"line":63,"column":5}},"type":"if","locations":[{"start":{"line":59,"column":4},"end":{"line":63,"column":5}},{"start":{"line":60,"column":11},"end":{"line":63,"column":5}}],"line":59}},"s":{"0":1,"1":32,"2":32,"3":32,"4":32,"5":1,"6":1,"7":1,"8":32,"9":13,"10":13,"11":13,"12":0,"13":0,"14":0,"15":0,"16":13,"17":12,"18":12,"19":12,"20":12,"21":32,"22":5,"23":5,"24":5,"25":32,"26":4,"27":4,"28":4,"29":4,"30":1,"31":1,"32":1,"33":3,"34":1,"35":1,"36":1,"37":1,"38":1,"39":2,"40":2,"41":2,"42":32,"43":1,"44":1,"45":1,"46":1,"47":1,"48":32},"f":{"0":32,"1":1,"2":13,"3":0,"4":0,"5":12,"6":12,"7":5,"8":5,"9":4,"10":1,"11":1,"12":1},"b":{"0":[13,0],"1":[0,13],"2":[1,12],"3":[13,1,1],"4":[1,3],"5":[1,2],"6":[0,1]},"_coverageSchema":"1a1c01bbd47fc00a2c39e90264f33305004495a9","hash":"0b1619667565a4dbecabb3b38e4d75b81e18dd96"}
}
