TN:
SF:src\functions.js
FN:7,(anonymous_0)
FN:12,(anonymous_1)
FN:18,(anonymous_2)
FN:22,(anonymous_3)
FN:23,(anonymous_4)
FN:26,(anonymous_5)
FN:27,(anonymous_6)
FN:32,(anonymous_7)
FN:34,(anonymous_8)
FN:37,(anonymous_9)
FN:58,(anonymous_10)
FN:61,(anonymous_11)
FN:62,(anonymous_12)
FNF:13
FNH:11
FNDA:32,(anonymous_0)
FNDA:1,(anonymous_1)
FNDA:13,(anonymous_2)
FNDA:0,(anonymous_3)
FNDA:0,(anonymous_4)
FNDA:12,(anonymous_5)
FNDA:12,(anonymous_6)
FNDA:5,(anonymous_7)
FNDA:5,(anonymous_8)
FNDA:4,(anonymous_9)
FNDA:1,(anonymous_10)
FNDA:1,(anonymous_11)
FNDA:1,(anonymous_12)
DA:7,1
DA:8,32
DA:9,32
DA:10,32
DA:12,32
DA:13,1
DA:14,1
DA:15,1
DA:18,32
DA:19,13
DA:20,13
DA:21,13
DA:22,0
DA:23,0
DA:24,13
DA:26,12
DA:27,12
DA:32,32
DA:33,5
DA:34,5
DA:37,32
DA:38,4
DA:39,4
DA:40,4
DA:41,4
DA:42,1
DA:43,1
DA:44,1
DA:45,3
DA:46,1
DA:47,1
DA:48,1
DA:49,1
DA:50,1
DA:52,2
DA:53,2
DA:54,2
DA:58,32
DA:59,1
DA:61,1
DA:62,1
DA:66,32
LF:42
LH:40
BRDA:20,0,0,13
BRDA:20,0,1,0
BRDA:21,1,0,0
BRDA:21,1,1,13
BRDA:24,2,0,1
BRDA:24,2,1,12
BRDA:24,3,0,13
BRDA:24,3,1,1
BRDA:24,3,2,1
BRDA:41,4,0,1
BRDA:41,4,1,3
BRDA:45,5,0,1
BRDA:45,5,1,2
BRDA:59,6,0,0
BRDA:59,6,1,1
BRF:15
BRH:12
end_of_record
